Arguments: 
  /home/ed/.nvm/versions/node/v12.14.1/bin/node /usr/share/yarn/bin/yarn.js init -

PATH: 
  /home/ed/go/bin:/usr/local/go/bin:/home/ed/.nvm/versions/node/v12.14.1/bin:/home/ed/.zinit/polaris/bin:/home/ed/go/bin:/usr/local/go/bin:/usr/local/sbin:/usr/local/bin:/usr/sbin:/usr/bin:/sbin:/bin:/usr/games:/usr/local/games:/snap/bin:/home/ed/Android/Sdk/tools:/home/ed/Android/Sdk/platform-tools:/home/ed/Android/Sdk/tools:/home/ed/Android/Sdk/platform-tools

Yarn version: 
  1.22.4

Node version: 
  12.14.1

Platform: 
  linux x64

Trace: 
  Error: canceled
      at Interface.<anonymous> (/usr/share/yarn/lib/cli.js:137008:13)
      at Interface.emit (events.js:223:5)
      at Interface._ttyWrite (readline.js:885:16)
      at ReadStream.onkeypress (readline.js:191:10)
      at ReadStream.emit (events.js:223:5)
      at emitKeys (internal/readline/utils.js:433:14)
      at emitKeys.next (<anonymous>)
      at ReadStream.onData (readline.js:1151:36)
      at ReadStream.emit (events.js:223:5)
      at addChunk (_stream_readable.js:309:12)

npm manifest: 
  No manifest

yarn manifest: 
  No manifest

Lockfile: 
  No lockfile
